-59.24438424631887 -13.232556530655671 23 5

7.560843612023888 6.676407925784531 50 4

-18.556864052241096 -144.2164083328326 74 6

47.49780856587972 -159.40457419676454 71 3

2.190058612745773 -29.575517482726582 41 8

-41.25659637948649 159.93504159532796 87 9

65.62527476982143 132.87224397512068 92 6

55.078483926187744 69.80182681506562 33 4

-60.56737567988692 104.09740769670464 3 10

-33.533580710974924 -29.64041692733295 53 1

27.37745823357362 -109.42298941953341 94 10

-81.49882554890385 146.44770633127075 19 0

32.33872075362645 -79.12282870203803 34 9

-83.39041019936114 -179.63127827819758 26 3

23.872778139923597 -113.9209066011177 86 3

-14.793332456604134 -122.21423792113173 59 5

-83.54673402926154 -11.308919413026501 54 10

4.500632426163506 -31.910691434780972 52 6

-32.616642857679416 159.20340671921616 44 5

73.2796259759281 171.74323788134473 93 9

-22.215669239130307 26.379979177956898 49 3

Traceback (most recent call last):
  File "/home/dev/system/api1/querd.py", line 15, in <module>
    time.sleep(1)
KeyboardInterrupt
74.80654259907118 -53.844486801980636 5 5

7.151617574063039 140.28331092492868 39 3

-12.447914950562875 130.3379902655043 59 0

85.56348795268414 -153.58619787851288 4 0

-13.870052442910108 -96.98654442165444 70 7

25.701332312625865 153.81818946440399 31 8

50.84903161036323 101.85147148693261 31 0

69.73132780709452 168.88545467662294 66 7

-86.66827105815344 9.047585157551538 86 1

-22.72515510449027 167.80031626674133 73 10

-16.732087437453714 -144.12173133825803 45 0

13.055497970398434 -68.29468441038713 50 10

-50.55615624523278 137.0614979601953 78 6

52.71274531071549 -126.68512811727439 85 2

-9.81056983725442 161.16459837842189 84 6

47.74992237052865 99.05579051008846 45 8

-23.26621948163931 -116.74741974820452 10 4

-44.73164625641232 162.95523592456794 72 2

-80.37987256654891 -37.30817165595326 60 1

45.82107219569701 167.64305070584345 33 7

3.3707438414404436 123.74825465954717 45 10

-27.415283056946528 71.56290889755826 90 7

-61.94855007447339 175.78672466688676 49 10

-24.70709463505824 63.532479650678 35 2

49.38763407497396 171.62782837592664 33 10

48.57314312330607 -75.14944787254473 83 2

-59.114238240969385 -10.433422407934785 6 3

7.871875355714906 13.772552297169767 54 7

39.25834317539503 -25.790260052857604 30 2

-88.64708259247608 17.031281855741213 84 7

1.888534326181457 105.86436611922801 69 2

8.439480250404301 -46.50335466091141 77 10

-83.20128029524645 37.141008569869285 35 8

-89.63005230670032 125.1106466158028 76 1

67.01891913739746 -38.21995600087996 99 4

Traceback (most recent call last):
  File "/home/dev/system/api1/querd.py", line 15, in <module>
    time.sleep(1)
KeyboardInterrupt
